{"C:\\Users\\auxtic04\\Desktop\\proyectos\\reciclajegame\\reciclajegameproject_mongodb\\src\\server.ts": {"path":"C:\\Users\\auxtic04\\Desktop\\proyectos\\reciclajegame\\reciclajegameproject_mongodb\\src\\server.ts","statementMap":{"0":{"start":{"line":1,"column":0},"end":{"line":1,"column":40}},"1":{"start":{"line":2,"column":0},"end":{"line":2,"column":30}},"2":{"start":{"line":3,"column":0},"end":{"line":3,"column":28}},"3":{"start":{"line":4,"column":0},"end":{"line":4,"column":24}},"4":{"start":{"line":5,"column":0},"end":{"line":5,"column":53}},"5":{"start":{"line":6,"column":0},"end":{"line":6,"column":45}},"6":{"start":{"line":7,"column":0},"end":{"line":7,"column":43}},"7":{"start":{"line":8,"column":0},"end":{"line":8,"column":43}},"8":{"start":{"line":9,"column":0},"end":{"line":9,"column":43}},"9":{"start":{"line":11,"column":0},"end":{"line":11,"column":16}},"10":{"start":{"line":13,"column":0},"end":{"line":13,"column":12}},"11":{"start":{"line":15,"column":12},"end":{"line":15,"column":21}},"12":{"start":{"line":16,"column":0},"end":{"line":16,"column":24}},"13":{"start":{"line":17,"column":0},"end":{"line":17,"column":26}},"14":{"start":{"line":20,"column":0},"end":{"line":20,"column":43}},"15":{"start":{"line":21,"column":0},"end":{"line":21,"column":34}},"16":{"start":{"line":24,"column":0},"end":{"line":24,"column":64}},"17":{"start":{"line":26,"column":0},"end":{"line":26,"column":19}}},"fnMap":{},"branchMap":{},"s":{"0":2,"1":2,"2":2,"3":2,"4":2,"5":2,"6":2,"7":2,"8":2,"9":2,"10":2,"11":2,"12":2,"13":2,"14":2,"15":2,"16":2,"17":2},"f":{},"b":{}}
,"C:\\Users\\auxtic04\\Desktop\\proyectos\\reciclajegame\\reciclajegameproject_mongodb\\src\\config\\cors.ts": {"path":"C:\\Users\\auxtic04\\Desktop\\proyectos\\reciclajegame\\reciclajegameproject_mongodb\\src\\config\\cors.ts","statementMap":{"0":{"start":{"line":3,"column":13},"end":{"line":7,"column":null}},"1":{"start":{"line":5,"column":8},"end":{"line":5,"column":29}}},"fnMap":{"0":{"name":"(anonymous_0)","decl":{"start":{"line":4,"column":12},"end":{"line":4,"column":22}},"loc":{"start":{"line":4,"column":38},"end":{"line":6,"column":5}}}},"branchMap":{},"s":{"0":2,"1":29},"f":{"0":29},"b":{}}
,"C:\\Users\\auxtic04\\Desktop\\proyectos\\reciclajegame\\reciclajegameproject_mongodb\\src\\config\\db.ts": {"path":"C:\\Users\\auxtic04\\Desktop\\proyectos\\reciclajegame\\reciclajegameproject_mongodb\\src\\config\\db.ts","statementMap":{"0":{"start":{"line":1,"column":0},"end":{"line":1,"column":36}},"1":{"start":{"line":2,"column":0},"end":{"line":2,"column":32}},"2":{"start":{"line":3,"column":0},"end":{"line":3,"column":28}},"3":{"start":{"line":6,"column":25},"end":{"line":15,"column":1}},"4":{"start":{"line":7,"column":4},"end":{"line":14,"column":5}},"5":{"start":{"line":8,"column":29},"end":{"line":8,"column":77}},"6":{"start":{"line":9,"column":20},"end":{"line":9,"column":59}},"7":{"start":{"line":10,"column":8},"end":{"line":10,"column":73}},"8":{"start":{"line":12,"column":8},"end":{"line":12,"column":52}},"9":{"start":{"line":13,"column":8},"end":{"line":13,"column":16}},"10":{"start":{"line":6,"column":13},"end":{"line":6,"column":25}}},"fnMap":{"0":{"name":"(anonymous_1)","decl":{"start":{"line":6,"column":25},"end":{"line":6,"column":30}},"loc":{"start":{"line":6,"column":36},"end":{"line":15,"column":1}}}},"branchMap":{},"s":{"0":2,"1":2,"2":2,"3":2,"4":2,"5":2,"6":2,"7":2,"8":0,"9":0,"10":2},"f":{"0":2},"b":{}}
,"C:\\Users\\auxtic04\\Desktop\\proyectos\\reciclajegame\\reciclajegameproject_mongodb\\src\\config\\swagger.ts": {"path":"C:\\Users\\auxtic04\\Desktop\\proyectos\\reciclajegame\\reciclajegameproject_mongodb\\src\\config\\swagger.ts","statementMap":{"0":{"start":{"line":1,"column":0},"end":{"line":1,"column":41}},"1":{"start":{"line":3,"column":38},"end":{"line":19,"column":null}},"2":{"start":{"line":21,"column":20},"end":{"line":21,"column":41}},"3":{"start":{"line":22,"column":0},"end":{"line":22,"column":null}}},"fnMap":{},"branchMap":{},"s":{"0":2,"1":2,"2":2,"3":2},"f":{},"b":{}}
,"C:\\Users\\auxtic04\\Desktop\\proyectos\\reciclajegame\\reciclajegameproject_mongodb\\src\\controllers\\CategoryController.ts": {"path":"C:\\Users\\auxtic04\\Desktop\\proyectos\\reciclajegame\\reciclajegameproject_mongodb\\src\\controllers\\CategoryController.ts","statementMap":{"0":{"start":{"line":2,"column":0},"end":{"line":2,"column":42}},"1":{"start":{"line":5,"column":26},"end":{"line":12,"column":3}},"2":{"start":{"line":6,"column":4},"end":{"line":11,"column":5}},"3":{"start":{"line":7,"column":6},"end":{"line":7,"column":38}},"4":{"start":{"line":8,"column":6},"end":{"line":8,"column":61}},"5":{"start":{"line":10,"column":6},"end":{"line":10,"column":25}},"6":{"start":{"line":14,"column":28},"end":{"line":21,"column":3}},"7":{"start":{"line":15,"column":4},"end":{"line":20,"column":5}},"8":{"start":{"line":16,"column":25},"end":{"line":16,"column":48}},"9":{"start":{"line":17,"column":6},"end":{"line":17,"column":27}},"10":{"start":{"line":19,"column":6},"end":{"line":19,"column":25}},"11":{"start":{"line":23,"column":27},"end":{"line":37,"column":3}},"12":{"start":{"line":24,"column":4},"end":{"line":36,"column":5}},"13":{"start":{"line":25,"column":21},"end":{"line":25,"column":31}},"14":{"start":{"line":26,"column":23},"end":{"line":26,"column":50}},"15":{"start":{"line":28,"column":6},"end":{"line":31,"column":7}},"16":{"start":{"line":29,"column":8},"end":{"line":29,"column":56}},"17":{"start":{"line":30,"column":8},"end":{"line":30,"column":15}},"18":{"start":{"line":33,"column":6},"end":{"line":33,"column":25}},"19":{"start":{"line":35,"column":6},"end":{"line":35,"column":25}},"20":{"start":{"line":39,"column":26},"end":{"line":54,"column":3}},"21":{"start":{"line":40,"column":4},"end":{"line":53,"column":5}},"22":{"start":{"line":41,"column":21},"end":{"line":41,"column":31}},"23":{"start":{"line":42,"column":23},"end":{"line":42,"column":50}},"24":{"start":{"line":44,"column":6},"end":{"line":47,"column":7}},"25":{"start":{"line":45,"column":8},"end":{"line":45,"column":56}},"26":{"start":{"line":46,"column":8},"end":{"line":46,"column":15}},"27":{"start":{"line":49,"column":6},"end":{"line":49,"column":41}},"28":{"start":{"line":50,"column":6},"end":{"line":50,"column":66}},"29":{"start":{"line":52,"column":6},"end":{"line":52,"column":25}},"30":{"start":{"line":56,"column":26},"end":{"line":69,"column":3}},"31":{"start":{"line":57,"column":4},"end":{"line":68,"column":5}},"32":{"start":{"line":58,"column":21},"end":{"line":58,"column":31}},"33":{"start":{"line":59,"column":23},"end":{"line":59,"column":50}},"34":{"start":{"line":60,"column":6},"end":{"line":63,"column":7}},"35":{"start":{"line":61,"column":8},"end":{"line":61,"column":56}},"36":{"start":{"line":62,"column":8},"end":{"line":62,"column":15}},"37":{"start":{"line":64,"column":6},"end":{"line":64,"column":33}},"38":{"start":{"line":65,"column":6},"end":{"line":65,"column":64}},"39":{"start":{"line":67,"column":6},"end":{"line":67,"column":25}},"40":{"start":{"line":4,"column":0},"end":{"line":4,"column":13}}},"fnMap":{"0":{"name":"(anonymous_1)","decl":{"start":{"line":5,"column":26},"end":{"line":5,"column":31}},"loc":{"start":{"line":5,"column":64},"end":{"line":12,"column":3}}},"1":{"name":"(anonymous_2)","decl":{"start":{"line":14,"column":28},"end":{"line":14,"column":33}},"loc":{"start":{"line":14,"column":66},"end":{"line":21,"column":3}}},"2":{"name":"(anonymous_3)","decl":{"start":{"line":23,"column":27},"end":{"line":23,"column":32}},"loc":{"start":{"line":23,"column":65},"end":{"line":37,"column":3}}},"3":{"name":"(anonymous_4)","decl":{"start":{"line":39,"column":26},"end":{"line":39,"column":31}},"loc":{"start":{"line":39,"column":64},"end":{"line":54,"column":3}}},"4":{"name":"(anonymous_5)","decl":{"start":{"line":56,"column":26},"end":{"line":56,"column":31}},"loc":{"start":{"line":56,"column":64},"end":{"line":69,"column":3}}}},"branchMap":{"0":{"loc":{"start":{"line":28,"column":6},"end":{"line":31,"column":7}},"type":"if","locations":[{"start":{"line":28,"column":6},"end":{"line":31,"column":7}}]},"1":{"loc":{"start":{"line":44,"column":6},"end":{"line":47,"column":7}},"type":"if","locations":[{"start":{"line":44,"column":6},"end":{"line":47,"column":7}}]},"2":{"loc":{"start":{"line":60,"column":6},"end":{"line":63,"column":7}},"type":"if","locations":[{"start":{"line":60,"column":6},"end":{"line":63,"column":7}}]}},"s":{"0":2,"1":2,"2":1,"3":1,"4":1,"5":0,"6":2,"7":2,"8":2,"9":2,"10":0,"11":2,"12":2,"13":2,"14":2,"15":2,"16":1,"17":1,"18":1,"19":0,"20":2,"21":2,"22":2,"23":2,"24":2,"25":1,"26":1,"27":1,"28":1,"29":0,"30":2,"31":2,"32":2,"33":2,"34":2,"35":1,"36":1,"37":1,"38":1,"39":0,"40":2},"f":{"0":1,"1":2,"2":2,"3":2,"4":2},"b":{"0":[1],"1":[1],"2":[1]}}
,"C:\\Users\\auxtic04\\Desktop\\proyectos\\reciclajegame\\reciclajegameproject_mongodb\\src\\controllers\\ItemController.ts": {"path":"C:\\Users\\auxtic04\\Desktop\\proyectos\\reciclajegame\\reciclajegameproject_mongodb\\src\\controllers\\ItemController.ts","statementMap":{"0":{"start":{"line":2,"column":0},"end":{"line":2,"column":34}},"1":{"start":{"line":5,"column":24},"end":{"line":15,"column":5}},"2":{"start":{"line":6,"column":8},"end":{"line":14,"column":9}},"3":{"start":{"line":7,"column":25},"end":{"line":7,"column":43}},"4":{"start":{"line":8,"column":12},"end":{"line":8,"column":44}},"5":{"start":{"line":9,"column":12},"end":{"line":9,"column":45}},"6":{"start":{"line":10,"column":12},"end":{"line":10,"column":67}},"7":{"start":{"line":11,"column":12},"end":{"line":11,"column":62}},"8":{"start":{"line":13,"column":12},"end":{"line":13,"column":null}},"9":{"start":{"line":17,"column":32},"end":{"line":24,"column":5}},"10":{"start":{"line":18,"column":8},"end":{"line":23,"column":9}},"11":{"start":{"line":19,"column":26},"end":{"line":19,"column":72}},"12":{"start":{"line":20,"column":12},"end":{"line":20,"column":28}},"13":{"start":{"line":22,"column":12},"end":{"line":22,"column":null}},"14":{"start":{"line":26,"column":22},"end":{"line":33,"column":5}},"15":{"start":{"line":27,"column":8},"end":{"line":32,"column":9}},"16":{"start":{"line":28,"column":26},"end":{"line":28,"column":75}},"17":{"start":{"line":29,"column":12},"end":{"line":29,"column":28}},"18":{"start":{"line":31,"column":12},"end":{"line":31,"column":null}},"19":{"start":{"line":35,"column":25},"end":{"line":48,"column":5}},"20":{"start":{"line":36,"column":8},"end":{"line":47,"column":9}},"21":{"start":{"line":37,"column":31},"end":{"line":37,"column":41}},"22":{"start":{"line":38,"column":25},"end":{"line":38,"column":52}},"23":{"start":{"line":40,"column":12},"end":{"line":42,"column":13}},"24":{"start":{"line":41,"column":16},"end":{"line":41,"column":59}},"25":{"start":{"line":44,"column":12},"end":{"line":44,"column":27}},"26":{"start":{"line":46,"column":12},"end":{"line":46,"column":null}},"27":{"start":{"line":52,"column":24},"end":{"line":66,"column":5}},"28":{"start":{"line":53,"column":8},"end":{"line":65,"column":9}},"29":{"start":{"line":54,"column":31},"end":{"line":54,"column":41}},"30":{"start":{"line":55,"column":25},"end":{"line":55,"column":71}},"31":{"start":{"line":57,"column":12},"end":{"line":59,"column":13}},"32":{"start":{"line":58,"column":16},"end":{"line":58,"column":59}},"33":{"start":{"line":61,"column":12},"end":{"line":61,"column":null}},"34":{"start":{"line":64,"column":12},"end":{"line":64,"column":null}},"35":{"start":{"line":68,"column":24},"end":{"line":85,"column":5}},"36":{"start":{"line":69,"column":8},"end":{"line":84,"column":9}},"37":{"start":{"line":70,"column":31},"end":{"line":70,"column":41}},"38":{"start":{"line":71,"column":25},"end":{"line":71,"column":52}},"39":{"start":{"line":73,"column":12},"end":{"line":75,"column":13}},"40":{"start":{"line":74,"column":16},"end":{"line":74,"column":70}},"41":{"start":{"line":77,"column":12},"end":{"line":77,"column":95}},"42":{"start":{"line":77,"column":67},"end":{"line":77,"column":93}},"43":{"start":{"line":79,"column":12},"end":{"line":79,"column":78}},"44":{"start":{"line":80,"column":12},"end":{"line":80,"column":53}},"45":{"start":{"line":83,"column":12},"end":{"line":83,"column":null}},"46":{"start":{"line":4,"column":0},"end":{"line":4,"column":13}}},"fnMap":{"0":{"name":"(anonymous_1)","decl":{"start":{"line":5,"column":24},"end":{"line":5,"column":29}},"loc":{"start":{"line":5,"column":62},"end":{"line":15,"column":5}}},"1":{"name":"(anonymous_2)","decl":{"start":{"line":17,"column":32},"end":{"line":17,"column":37}},"loc":{"start":{"line":17,"column":70},"end":{"line":24,"column":5}}},"2":{"name":"(anonymous_3)","decl":{"start":{"line":26,"column":22},"end":{"line":26,"column":27}},"loc":{"start":{"line":26,"column":60},"end":{"line":33,"column":5}}},"3":{"name":"(anonymous_4)","decl":{"start":{"line":35,"column":25},"end":{"line":35,"column":30}},"loc":{"start":{"line":35,"column":63},"end":{"line":48,"column":5}}},"4":{"name":"(anonymous_5)","decl":{"start":{"line":52,"column":24},"end":{"line":52,"column":29}},"loc":{"start":{"line":52,"column":62},"end":{"line":66,"column":5}}},"5":{"name":"(anonymous_6)","decl":{"start":{"line":68,"column":24},"end":{"line":68,"column":29}},"loc":{"start":{"line":68,"column":62},"end":{"line":85,"column":5}}},"6":{"name":"(anonymous_7)","decl":{"start":{"line":77,"column":59},"end":{"line":77,"column":63}},"loc":{"start":{"line":77,"column":67},"end":{"line":77,"column":93}}}},"branchMap":{"0":{"loc":{"start":{"line":40,"column":12},"end":{"line":42,"column":13}},"type":"if","locations":[{"start":{"line":40,"column":12},"end":{"line":42,"column":13}}]},"1":{"loc":{"start":{"line":57,"column":12},"end":{"line":59,"column":13}},"type":"if","locations":[{"start":{"line":57,"column":12},"end":{"line":59,"column":13}}]},"2":{"loc":{"start":{"line":73,"column":12},"end":{"line":75,"column":13}},"type":"if","locations":[{"start":{"line":73,"column":12},"end":{"line":75,"column":13}}]}},"s":{"0":2,"1":2,"2":1,"3":1,"4":1,"5":1,"6":1,"7":1,"8":0,"9":2,"10":1,"11":1,"12":1,"13":0,"14":2,"15":1,"16":1,"17":1,"18":0,"19":2,"20":2,"21":2,"22":2,"23":2,"24":1,"25":2,"26":1,"27":2,"28":2,"29":2,"30":2,"31":2,"32":1,"33":2,"34":1,"35":2,"36":0,"37":0,"38":0,"39":0,"40":0,"41":0,"42":0,"43":0,"44":0,"45":0,"46":2},"f":{"0":1,"1":1,"2":1,"3":2,"4":2,"5":0,"6":0},"b":{"0":[1],"1":[1],"2":[0]}}
,"C:\\Users\\auxtic04\\Desktop\\proyectos\\reciclajegame\\reciclajegameproject_mongodb\\src\\middleware\\category.ts": {"path":"C:\\Users\\auxtic04\\Desktop\\proyectos\\reciclajegame\\reciclajegameproject_mongodb\\src\\middleware\\category.ts","statementMap":{"0":{"start":{"line":13,"column":0},"end":{"line":13,"column":7}},"1":{"start":{"line":2,"column":0},"end":{"line":2,"column":57}},"2":{"start":{"line":14,"column":4},"end":{"line":27,"column":5}},"3":{"start":{"line":15,"column":31},"end":{"line":15,"column":41}},"4":{"start":{"line":16,"column":25},"end":{"line":16,"column":60}},"5":{"start":{"line":18,"column":8},"end":{"line":21,"column":9}},"6":{"start":{"line":19,"column":12},"end":{"line":19,"column":60}},"7":{"start":{"line":20,"column":12},"end":{"line":20,"column":19}},"8":{"start":{"line":23,"column":8},"end":{"line":23,"column":32}},"9":{"start":{"line":24,"column":8},"end":{"line":24,"column":15}},"10":{"start":{"line":26,"column":8},"end":{"line":26,"column":57}}},"fnMap":{"0":{"name":"validateCategoryExists","decl":{"start":{"line":13,"column":22},"end":{"line":13,"column":44}},"loc":{"start":{"line":13,"column":92},"end":{"line":28,"column":1}}}},"branchMap":{"0":{"loc":{"start":{"line":18,"column":8},"end":{"line":21,"column":9}},"type":"if","locations":[{"start":{"line":18,"column":8},"end":{"line":21,"column":9}}]}},"s":{"0":2,"1":2,"2":4,"3":4,"4":4,"5":4,"6":2,"7":2,"8":2,"9":2,"10":0},"f":{"0":4},"b":{"0":[2]}}
,"C:\\Users\\auxtic04\\Desktop\\proyectos\\reciclajegame\\reciclajegameproject_mongodb\\src\\middleware\\validation.ts": {"path":"C:\\Users\\auxtic04\\Desktop\\proyectos\\reciclajegame\\reciclajegameproject_mongodb\\src\\middleware\\validation.ts","statementMap":{"0":{"start":{"line":2,"column":0},"end":{"line":2,"column":53}},"1":{"start":{"line":4,"column":33},"end":{"line":11,"column":1}},"2":{"start":{"line":5,"column":19},"end":{"line":5,"column":40}},"3":{"start":{"line":6,"column":4},"end":{"line":10,"column":5}},"4":{"start":{"line":7,"column":8},"end":{"line":7,"column":57}},"5":{"start":{"line":9,"column":8},"end":{"line":9,"column":15}},"6":{"start":{"line":4,"column":13},"end":{"line":4,"column":33}}},"fnMap":{"0":{"name":"(anonymous_0)","decl":{"start":{"line":4,"column":33},"end":{"line":4,"column":34}},"loc":{"start":{"line":4,"column":91},"end":{"line":11,"column":1}}}},"branchMap":{"0":{"loc":{"start":{"line":6,"column":4},"end":{"line":10,"column":5}},"type":"if","locations":[{"start":{"line":6,"column":4},"end":{"line":10,"column":5}},{"start":{"line":8,"column":11},"end":{"line":10,"column":5}}]}},"s":{"0":2,"1":2,"2":26,"3":26,"4":11,"5":15,"6":2},"f":{"0":26},"b":{"0":[11,15]}}
,"C:\\Users\\auxtic04\\Desktop\\proyectos\\reciclajegame\\reciclajegameproject_mongodb\\src\\models\\Category.ts": {"path":"C:\\Users\\auxtic04\\Desktop\\proyectos\\reciclajegame\\reciclajegameproject_mongodb\\src\\models\\Category.ts","statementMap":{"0":{"start":{"line":1,"column":0},"end":{"line":1,"column":75}},"1":{"start":{"line":9,"column":31},"end":{"line":21,"column":24}},"2":{"start":{"line":23,"column":17},"end":{"line":23,"column":70}},"3":{"start":{"line":24,"column":0},"end":{"line":24,"column":24}}},"fnMap":{},"branchMap":{},"s":{"0":2,"1":2,"2":2,"3":2},"f":{},"b":{}}
,"C:\\Users\\auxtic04\\Desktop\\proyectos\\reciclajegame\\reciclajegameproject_mongodb\\src\\models\\Item.ts": {"path":"C:\\Users\\auxtic04\\Desktop\\proyectos\\reciclajegame\\reciclajegameproject_mongodb\\src\\models\\Item.ts","statementMap":{"0":{"start":{"line":1,"column":0},"end":{"line":1,"column":60}},"1":{"start":{"line":9,"column":28},"end":{"line":23,"column":22}},"2":{"start":{"line":25,"column":13},"end":{"line":25,"column":53}},"3":{"start":{"line":26,"column":0},"end":{"line":26,"column":20}}},"fnMap":{},"branchMap":{},"s":{"0":2,"1":2,"2":2,"3":2},"f":{},"b":{}}
,"C:\\Users\\auxtic04\\Desktop\\proyectos\\reciclajegame\\reciclajegameproject_mongodb\\src\\routes\\categoryRoutes.ts": {"path":"C:\\Users\\auxtic04\\Desktop\\proyectos\\reciclajegame\\reciclajegameproject_mongodb\\src\\routes\\categoryRoutes.ts","statementMap":{"0":{"start":{"line":1,"column":0},"end":{"line":1,"column":33}},"1":{"start":{"line":2,"column":0},"end":{"line":2,"column":41}},"2":{"start":{"line":3,"column":0},"end":{"line":3,"column":71}},"3":{"start":{"line":4,"column":0},"end":{"line":4,"column":61}},"4":{"start":{"line":5,"column":0},"end":{"line":5,"column":42}},"5":{"start":{"line":7,"column":15},"end":{"line":7,"column":23}},"6":{"start":{"line":58,"column":0},"end":{"line":62,"column":2}},"7":{"start":{"line":85,"column":0},"end":{"line":85,"column":53}},"8":{"start":{"line":116,"column":0},"end":{"line":119,"column":40}},"9":{"start":{"line":156,"column":0},"end":{"line":161,"column":2}},"10":{"start":{"line":188,"column":0},"end":{"line":192,"column":2}},"11":{"start":{"line":195,"column":0},"end":{"line":195,"column":22}}},"fnMap":{},"branchMap":{},"s":{"0":2,"1":2,"2":2,"3":2,"4":2,"5":2,"6":2,"7":2,"8":2,"9":2,"10":2,"11":2},"f":{},"b":{}}
,"C:\\Users\\auxtic04\\Desktop\\proyectos\\reciclajegame\\reciclajegameproject_mongodb\\src\\routes\\itemRoutes.ts": {"path":"C:\\Users\\auxtic04\\Desktop\\proyectos\\reciclajegame\\reciclajegameproject_mongodb\\src\\routes\\itemRoutes.ts","statementMap":{"0":{"start":{"line":1,"column":0},"end":{"line":1,"column":33}},"1":{"start":{"line":2,"column":0},"end":{"line":2,"column":48}},"2":{"start":{"line":3,"column":0},"end":{"line":3,"column":61}},"3":{"start":{"line":4,"column":0},"end":{"line":4,"column":64}},"4":{"start":{"line":5,"column":0},"end":{"line":5,"column":64}},"5":{"start":{"line":7,"column":15},"end":{"line":7,"column":23}},"6":{"start":{"line":73,"column":0},"end":{"line":80,"column":2}},"7":{"start":{"line":113,"column":0},"end":{"line":118,"column":2}},"8":{"start":{"line":142,"column":0},"end":{"line":144,"column":2}},"9":{"start":{"line":174,"column":0},"end":{"line":178,"column":2}},"10":{"start":{"line":215,"column":0},"end":{"line":221,"column":2}},"11":{"start":{"line":254,"column":0},"end":{"line":260,"column":2}},"12":{"start":{"line":262,"column":0},"end":{"line":262,"column":22}}},"fnMap":{},"branchMap":{},"s":{"0":2,"1":2,"2":2,"3":2,"4":2,"5":2,"6":2,"7":2,"8":2,"9":2,"10":2,"11":2,"12":2},"f":{},"b":{}}
}
