TN:
SF:src\server.ts
FNF:0
FNH:0
DA:1,2
DA:2,2
DA:3,2
DA:4,2
DA:5,2
DA:6,2
DA:7,2
DA:8,2
DA:9,2
DA:11,2
DA:13,2
DA:15,2
DA:16,2
DA:17,2
DA:20,2
DA:21,2
DA:24,2
DA:26,2
LF:18
LH:18
BRF:0
BRH:0
end_of_record
TN:
SF:src\config\cors.ts
FN:4,(anonymous_0)
FNF:1
FNH:1
FNDA:29,(anonymous_0)
DA:3,2
DA:5,29
LF:2
LH:2
BRF:0
BRH:0
end_of_record
TN:
SF:src\config\db.ts
FN:6,(anonymous_1)
FNF:1
FNH:1
FNDA:2,(anonymous_1)
DA:1,2
DA:2,2
DA:3,2
DA:6,2
DA:7,2
DA:8,2
DA:9,2
DA:10,2
DA:12,0
DA:13,0
LF:10
LH:8
BRF:0
BRH:0
end_of_record
TN:
SF:src\config\swagger.ts
FNF:0
FNH:0
DA:1,2
DA:3,2
DA:21,2
DA:22,2
LF:4
LH:4
BRF:0
BRH:0
end_of_record
TN:
SF:src\controllers\CategoryController.ts
FN:5,(anonymous_1)
FN:14,(anonymous_2)
FN:23,(anonymous_3)
FN:39,(anonymous_4)
FN:56,(anonymous_5)
FNF:5
FNH:5
FNDA:1,(anonymous_1)
FNDA:2,(anonymous_2)
FNDA:2,(anonymous_3)
FNDA:2,(anonymous_4)
FNDA:2,(anonymous_5)
DA:2,2
DA:4,2
DA:5,2
DA:6,1
DA:7,1
DA:8,1
DA:10,0
DA:14,2
DA:15,2
DA:16,2
DA:17,2
DA:19,0
DA:23,2
DA:24,2
DA:25,2
DA:26,2
DA:28,2
DA:29,1
DA:30,1
DA:33,1
DA:35,0
DA:39,2
DA:40,2
DA:41,2
DA:42,2
DA:44,2
DA:45,1
DA:46,1
DA:49,1
DA:50,1
DA:52,0
DA:56,2
DA:57,2
DA:58,2
DA:59,2
DA:60,2
DA:61,1
DA:62,1
DA:64,1
DA:65,1
DA:67,0
LF:41
LH:36
BRDA:28,0,0,1
BRDA:44,1,0,1
BRDA:60,2,0,1
BRF:3
BRH:3
end_of_record
TN:
SF:src\controllers\ItemController.ts
FN:5,(anonymous_1)
FN:17,(anonymous_2)
FN:26,(anonymous_3)
FN:35,(anonymous_4)
FN:52,(anonymous_5)
FN:68,(anonymous_6)
FN:77,(anonymous_7)
FNF:7
FNH:5
FNDA:1,(anonymous_1)
FNDA:1,(anonymous_2)
FNDA:1,(anonymous_3)
FNDA:2,(anonymous_4)
FNDA:2,(anonymous_5)
FNDA:0,(anonymous_6)
FNDA:0,(anonymous_7)
DA:2,2
DA:4,2
DA:5,2
DA:6,1
DA:7,1
DA:8,1
DA:9,1
DA:10,1
DA:11,1
DA:13,0
DA:17,2
DA:18,1
DA:19,1
DA:20,1
DA:22,0
DA:26,2
DA:27,1
DA:28,1
DA:29,1
DA:31,0
DA:35,2
DA:36,2
DA:37,2
DA:38,2
DA:40,2
DA:41,1
DA:44,2
DA:46,1
DA:52,2
DA:53,2
DA:54,2
DA:55,2
DA:57,2
DA:58,1
DA:61,2
DA:64,1
DA:68,2
DA:69,0
DA:70,0
DA:71,0
DA:73,0
DA:74,0
DA:77,0
DA:79,0
DA:80,0
DA:83,0
LF:46
LH:34
BRDA:40,0,0,1
BRDA:57,1,0,1
BRDA:73,2,0,0
BRF:3
BRH:2
end_of_record
TN:
SF:src\middleware\category.ts
FN:13,validateCategoryExists
FNF:1
FNH:1
FNDA:4,validateCategoryExists
DA:2,2
DA:13,2
DA:14,4
DA:15,4
DA:16,4
DA:18,4
DA:19,2
DA:20,2
DA:23,2
DA:24,2
DA:26,0
LF:11
LH:10
BRDA:18,0,0,2
BRF:1
BRH:1
end_of_record
TN:
SF:src\middleware\validation.ts
FN:4,(anonymous_0)
FNF:1
FNH:1
FNDA:26,(anonymous_0)
DA:2,2
DA:4,2
DA:5,26
DA:6,26
DA:7,11
DA:9,15
LF:6
LH:6
BRDA:6,0,0,11
BRDA:6,0,1,15
BRF:2
BRH:2
end_of_record
TN:
SF:src\models\Category.ts
FNF:0
FNH:0
DA:1,2
DA:9,2
DA:23,2
DA:24,2
LF:4
LH:4
BRF:0
BRH:0
end_of_record
TN:
SF:src\models\Item.ts
FNF:0
FNH:0
DA:1,2
DA:9,2
DA:25,2
DA:26,2
LF:4
LH:4
BRF:0
BRH:0
end_of_record
TN:
SF:src\routes\categoryRoutes.ts
FNF:0
FNH:0
DA:1,2
DA:2,2
DA:3,2
DA:4,2
DA:5,2
DA:7,2
DA:58,2
DA:85,2
DA:116,2
DA:156,2
DA:188,2
DA:195,2
LF:12
LH:12
BRF:0
BRH:0
end_of_record
TN:
SF:src\routes\itemRoutes.ts
FNF:0
FNH:0
DA:1,2
DA:2,2
DA:3,2
DA:4,2
DA:5,2
DA:7,2
DA:73,2
DA:113,2
DA:142,2
DA:174,2
DA:215,2
DA:254,2
DA:262,2
LF:13
LH:13
BRF:0
BRH:0
end_of_record
